<?xml version="1.0" encoding="UTF-8"?>
<!-- Generated by org.testng.reporters.JUnitXMLReporter -->
<testsuite hostname="DESKTOP-1IL03V1" ignored="0" name="Command line test" tests="6" failures="0" timestamp="20 Jul 2019 00:59:20 GMT" time="88.14" errors="0">
  <testcase name="TC01_loginWithoutPassword" time="1.312" classname="com.demo.SaleForceTest"/>
  <testcase name="TC02_LoginToSFDC" time="2.731" classname="com.demo.SaleForceTest"/>
  <testcase name="TC03_RememberUserNameChecked" time="12.61" classname="com.demo.SaleForceTest"/>
  <testcase name="TC04A_ForgotPassword" time="0.893" classname="com.demo.SaleForceTest"/>
  <testcase name="TC04B_WrongCredential" time="0.749" classname="com.demo.SaleForceTest"/>
  <testcase name="TC05_SelectUserMenu" time="12.297" classname="com.demo.SaleForceTest"/>
</testsuite> <!-- Command line test -->
