<?xml version="1.0" encoding="UTF-8" ?>
<testsuite tests="6" failures="0" name="com.demo.SaleForceTest" time="30.593" errors="0" skipped="0">
  <properties>
[...]
</properties>
  <testcase classname="com.demo.SaleForceTest" name="TC01_loginWithoutPassword" time="1.314"/>
  <testcase classname="com.demo.SaleForceTest" name="TC02_LoginToSFDC" time="2.731"/>
  <testcase classname="com.demo.SaleForceTest" name="TC03_RememberUserNameChecked" time="12.61"/>
  <testcase classname="com.demo.SaleForceTest" name="TC04A_ForgotPassword" time="0.893"/>
  <testcase classname="com.demo.SaleForceTest" name="TC04B_WrongCredential" time="0.748"/>
  <testcase classname="com.demo.SaleForceTest" name="TC05_SelectUserMenu" time="12.297"/>
</testsuite>