<?xml version="1.0" encoding="UTF-8"?>
<testng-results skipped="0" failed="0" ignored="0" total="6" passed="6">
  <reporter-output>
  </reporter-output>
  <suite name="com.demo.SaleForceTest" duration-ms="88140" started-at="2019-07-20T00:57:52Z" finished-at="2019-07-20T00:59:20Z">
    <groups>
    </groups>
    <test name="Command line test" duration-ms="88140" started-at="2019-07-20T00:57:52Z" finished-at="2019-07-20T00:59:20Z">
      <class name="com.demo.SaleForceTest">
        <test-method status="PASS" signature="openBrowser()[pri:0, instance:com.demo.SaleForceTest@35a50a4c]" name="openBrowser" is-config="true" duration-ms="9707" started-at="2019-07-20T00:57:52Z" finished-at="2019-07-20T00:58:02Z">
          <reporter-output>
          </reporter-output>
        </test-method> <!-- openBrowser -->
        <test-method status="PASS" signature="TC01_loginWithoutPassword()[pri:0, instance:com.demo.SaleForceTest@35a50a4c]" name="TC01_loginWithoutPassword" duration-ms="1312" started-at="2019-07-20T00:58:02Z" finished-at="2019-07-20T00:58:03Z">
          <reporter-output>
          </reporter-output>
        </test-method> <!-- TC01_loginWithoutPassword -->
        <test-method status="PASS" signature="closeBrowser()[pri:0, instance:com.demo.SaleForceTest@35a50a4c]" name="closeBrowser" is-config="true" duration-ms="4121" started-at="2019-07-20T00:58:03Z" finished-at="2019-07-20T00:58:07Z">
          <reporter-output>
          </reporter-output>
        </test-method> <!-- closeBrowser -->
        <test-method status="PASS" signature="openBrowser()[pri:0, instance:com.demo.SaleForceTest@35a50a4c]" name="openBrowser" is-config="true" duration-ms="5114" started-at="2019-07-20T00:58:07Z" finished-at="2019-07-20T00:58:12Z">
          <reporter-output>
          </reporter-output>
        </test-method> <!-- openBrowser -->
        <test-method status="PASS" signature="TC02_LoginToSFDC()[pri:0, instance:com.demo.SaleForceTest@35a50a4c]" name="TC02_LoginToSFDC" duration-ms="2731" started-at="2019-07-20T00:58:12Z" finished-at="2019-07-20T00:58:15Z">
          <reporter-output>
          </reporter-output>
        </test-method> <!-- TC02_LoginToSFDC -->
        <test-method status="PASS" signature="closeBrowser()[pri:0, instance:com.demo.SaleForceTest@35a50a4c]" name="closeBrowser" is-config="true" duration-ms="3696" started-at="2019-07-20T00:58:15Z" finished-at="2019-07-20T00:58:19Z">
          <reporter-output>
          </reporter-output>
        </test-method> <!-- closeBrowser -->
        <test-method status="PASS" signature="openBrowser()[pri:0, instance:com.demo.SaleForceTest@35a50a4c]" name="openBrowser" is-config="true" duration-ms="4857" started-at="2019-07-20T00:58:19Z" finished-at="2019-07-20T00:58:24Z">
          <reporter-output>
          </reporter-output>
        </test-method> <!-- openBrowser -->
        <test-method status="PASS" signature="TC03_RememberUserNameChecked()[pri:0, instance:com.demo.SaleForceTest@35a50a4c]" name="TC03_RememberUserNameChecked" duration-ms="12610" started-at="2019-07-20T00:58:24Z" finished-at="2019-07-20T00:58:36Z">
          <reporter-output>
          </reporter-output>
        </test-method> <!-- TC03_RememberUserNameChecked -->
        <test-method status="PASS" signature="closeBrowser()[pri:0, instance:com.demo.SaleForceTest@35a50a4c]" name="closeBrowser" is-config="true" duration-ms="3760" started-at="2019-07-20T00:58:36Z" finished-at="2019-07-20T00:58:40Z">
          <reporter-output>
          </reporter-output>
        </test-method> <!-- closeBrowser -->
        <test-method status="PASS" signature="openBrowser()[pri:0, instance:com.demo.SaleForceTest@35a50a4c]" name="openBrowser" is-config="true" duration-ms="5369" started-at="2019-07-20T00:58:40Z" finished-at="2019-07-20T00:58:45Z">
          <reporter-output>
          </reporter-output>
        </test-method> <!-- openBrowser -->
        <test-method status="PASS" signature="TC04A_ForgotPassword()[pri:0, instance:com.demo.SaleForceTest@35a50a4c]" name="TC04A_ForgotPassword" duration-ms="893" started-at="2019-07-20T00:58:45Z" finished-at="2019-07-20T00:58:46Z">
          <reporter-output>
          </reporter-output>
        </test-method> <!-- TC04A_ForgotPassword -->
        <test-method status="PASS" signature="closeBrowser()[pri:0, instance:com.demo.SaleForceTest@35a50a4c]" name="closeBrowser" is-config="true" duration-ms="2498" started-at="2019-07-20T00:58:46Z" finished-at="2019-07-20T00:58:49Z">
          <reporter-output>
          </reporter-output>
        </test-method> <!-- closeBrowser -->
        <test-method status="PASS" signature="openBrowser()[pri:0, instance:com.demo.SaleForceTest@35a50a4c]" name="openBrowser" is-config="true" duration-ms="6856" started-at="2019-07-20T00:58:49Z" finished-at="2019-07-20T00:58:56Z">
          <reporter-output>
          </reporter-output>
        </test-method> <!-- openBrowser -->
        <test-method status="PASS" signature="TC04B_WrongCredential()[pri:0, instance:com.demo.SaleForceTest@35a50a4c]" name="TC04B_WrongCredential" duration-ms="749" started-at="2019-07-20T00:58:56Z" finished-at="2019-07-20T00:58:56Z">
          <reporter-output>
          </reporter-output>
        </test-method> <!-- TC04B_WrongCredential -->
        <test-method status="PASS" signature="closeBrowser()[pri:0, instance:com.demo.SaleForceTest@35a50a4c]" name="closeBrowser" is-config="true" duration-ms="2818" started-at="2019-07-20T00:58:56Z" finished-at="2019-07-20T00:58:59Z">
          <reporter-output>
          </reporter-output>
        </test-method> <!-- closeBrowser -->
        <test-method status="PASS" signature="openBrowser()[pri:0, instance:com.demo.SaleForceTest@35a50a4c]" name="openBrowser" is-config="true" duration-ms="5268" started-at="2019-07-20T00:58:59Z" finished-at="2019-07-20T00:59:05Z">
          <reporter-output>
          </reporter-output>
        </test-method> <!-- openBrowser -->
        <test-method status="PASS" signature="TC05_SelectUserMenu()[pri:0, instance:com.demo.SaleForceTest@35a50a4c]" name="TC05_SelectUserMenu" duration-ms="12297" started-at="2019-07-20T00:59:05Z" finished-at="2019-07-20T00:59:17Z">
          <reporter-output>
          </reporter-output>
        </test-method> <!-- TC05_SelectUserMenu -->
        <test-method status="PASS" signature="closeBrowser()[pri:0, instance:com.demo.SaleForceTest@35a50a4c]" name="closeBrowser" is-config="true" duration-ms="3160" started-at="2019-07-20T00:59:17Z" finished-at="2019-07-20T00:59:20Z">
          <reporter-output>
          </reporter-output>
        </test-method> <!-- closeBrowser -->
        <test-method status="PASS" signature="flushReport()[pri:0, instance:com.demo.SaleForceTest@35a50a4c]" name="flushReport" is-config="true" duration-ms="302" started-at="2019-07-20T00:59:20Z" finished-at="2019-07-20T00:59:20Z">
          <reporter-output>
          </reporter-output>
        </test-method> <!-- flushReport -->
      </class> <!-- com.demo.SaleForceTest -->
    </test> <!-- Command line test -->
  </suite> <!-- com.demo.SaleForceTest -->
</testng-results>
