<?xml version="1.0" encoding="UTF-8"?>
<testng-results skipped="0" failed="0" ignored="0" total="2" passed="2">
  <reporter-output>
  </reporter-output>
  <suite name="Default suite" duration-ms="28807" started-at="2019-07-19T01:10:16Z" finished-at="2019-07-19T01:10:44Z">
    <groups>
    </groups>
    <test name="Default test" duration-ms="28807" started-at="2019-07-19T01:10:16Z" finished-at="2019-07-19T01:10:44Z">
      <class name="com.demo.SaleForceTest">
        <test-method status="PASS" signature="openBrowser()[pri:0, instance:com.demo.SaleForceTest@77e9807f]" name="openBrowser" is-config="true" duration-ms="6723" started-at="2019-07-19T01:10:16Z" finished-at="2019-07-19T01:10:22Z">
          <reporter-output>
          </reporter-output>
        </test-method> <!-- openBrowser -->
        <test-method status="PASS" signature="TC01_loginWithoutPassword()[pri:0, instance:com.demo.SaleForceTest@77e9807f]" name="TC01_loginWithoutPassword" duration-ms="787" started-at="2019-07-19T01:10:22Z" finished-at="2019-07-19T01:10:23Z">
          <reporter-output>
          </reporter-output>
        </test-method> <!-- TC01_loginWithoutPassword -->
        <test-method status="PASS" signature="closeBrowser()[pri:0, instance:com.demo.SaleForceTest@77e9807f]" name="closeBrowser" is-config="true" duration-ms="4600" started-at="2019-07-19T01:10:23Z" finished-at="2019-07-19T01:10:28Z">
          <reporter-output>
          </reporter-output>
        </test-method> <!-- closeBrowser -->
        <test-method status="PASS" signature="openBrowser()[pri:0, instance:com.demo.SaleForceTest@77e9807f]" name="openBrowser" is-config="true" duration-ms="5251" started-at="2019-07-19T01:10:28Z" finished-at="2019-07-19T01:10:33Z">
          <reporter-output>
          </reporter-output>
        </test-method> <!-- openBrowser -->
        <test-method status="PASS" signature="TC02_LoginToSFDC()[pri:0, instance:com.demo.SaleForceTest@77e9807f]" name="TC02_LoginToSFDC" duration-ms="4809" started-at="2019-07-19T01:10:33Z" finished-at="2019-07-19T01:10:38Z">
          <reporter-output>
          </reporter-output>
        </test-method> <!-- TC02_LoginToSFDC -->
        <test-method status="PASS" signature="closeBrowser()[pri:0, instance:com.demo.SaleForceTest@77e9807f]" name="closeBrowser" is-config="true" duration-ms="6391" started-at="2019-07-19T01:10:38Z" finished-at="2019-07-19T01:10:44Z">
          <reporter-output>
          </reporter-output>
        </test-method> <!-- closeBrowser -->
        <test-method status="PASS" signature="flushReport()[pri:0, instance:com.demo.SaleForceTest@77e9807f]" name="flushReport" is-config="true" duration-ms="218" started-at="2019-07-19T01:10:44Z" finished-at="2019-07-19T01:10:44Z">
          <reporter-output>
          </reporter-output>
        </test-method> <!-- flushReport -->
      </class> <!-- com.demo.SaleForceTest -->
    </test> <!-- Default test -->
  </suite> <!-- Default suite -->
</testng-results>
